<?xml version="1.0" encoding="UTF-8"?>
<!-- Generated by org.testng.reporters.JUnitXMLReporter -->
<testsuite ignored="1" hostname="DESKTOP-JQJ5R9C" failures="0" tests="4" name="Default test" time="66.271" errors="0" timestamp="2024-08-21T14:26:31 IST">
  <testcase classname="week5.day2.RunCreateLeadMutipleTimes" name="createLead" time="27.411"/>
  <testcase classname="week5.day2.RunCreateLeadMutipleTimes" name="createLead" time="12.321"/>
  <testcase classname="week5.day2.RunCreateLeadMutipleTimes" name="createLead" time="12.243"/>
  <testcase classname="week5.day2.RunCreateLeadMutipleTimes" name="runEditLead" time="14.231"/>
  <testcase classname="week5.day2.RunCreateLeadMutipleTimes" name="runDeleteLead" time="0.0">
    <ignored/>
  </testcase> <!-- runDeleteLead -->
</testsuite> <!-- Default test -->
