<?xml version="1.0" encoding="UTF-8"?>
<!-- Generated by org.testng.reporters.JUnitXMLReporter -->
<testsuite hostname="DESKTOP-JQJ5R9C" ignored="0" name="Test" tests="7" failures="0" timestamp="2024-06-06T23:56:43 IST" time="172.679" errors="0">
  <testcase name="runDeleteLead" time="85.285" classname="testcase.DeleteLead"/>
  <testcase name="createLead" time="18.643" classname="week5.day2.CreateLeadWithDataProvider"/>
  <testcase name="createLead" time="44.144" classname="week5.day2.DataProviderBasic"/>
  <testcase name="runCreateLead" time="44.479" classname="testcase.CreateLead"/>
  <testcase name="createLead" time="10.335" classname="week5.day2.CreateLeadWithDataProvider"/>
  <testcase name="createLead" time="17.531" classname="week5.day2.DataProviderBasic"/>
  <testcase name="runEditLead" time="70.624" classname="testcase.EditLead"/>
</testsuite> <!-- Test -->
