<?xml version="1.0" encoding="UTF-8"?>
<!-- Generated by org.testng.reporters.JUnitXMLReporter -->
<testsuite hostname="DESKTOP-JQJ5R9C" ignored="0" name="Test" tests="3" failures="0" timestamp="2024-06-06T23:51:46 IST" time="97.19" errors="0">
  <testcase name="runDeleteLead" time="51.839" classname="testcase.DeleteLead"/>
  <testcase name="runCreateLead" time="17.679" classname="testcase.CreateLead"/>
  <testcase name="runEditLead" time="45.037" classname="testcase.EditLead"/>
</testsuite> <!-- Test -->
