<?xml version="1.0" encoding="UTF-8"?>
<testng-results skipped="0" failed="0" ignored="2" total="22" passed="20">
  <reporter-output>
  </reporter-output>
  <suite name="Suite" duration-ms="97190" started-at="2024-06-06T23:50:08 IST" finished-at="2024-06-06T23:51:46 IST">
    <groups>
    </groups>
    <test name="Test" duration-ms="97190" started-at="2024-06-06T23:50:08 IST" finished-at="2024-06-06T23:51:46 IST">
      <class name="testcase.DeleteLead">
        <test-method status="PASS" signature="runDeleteLead()[pri:0, instance:testcase.DeleteLead@5bfbf16f]" name="runDeleteLead" duration-ms="51839" started-at="2024-06-06T23:50:09 IST" finished-at="2024-06-06T23:51:00 IST">
          <reporter-output>
          </reporter-output>
        </test-method> <!-- runDeleteLead -->
      </class> <!-- testcase.DeleteLead -->
      <class name="testcase.EditLead">
        <test-method status="PASS" signature="runEditLead()[pri:0, instance:testcase.EditLead@59906517]" name="runEditLead" duration-ms="45037" started-at="2024-06-06T23:51:01 IST" depends-on-methods="testcase.CreateLead.runCreateLead" finished-at="2024-06-06T23:51:46 IST">
          <reporter-output>
          </reporter-output>
        </test-method> <!-- runEditLead -->
      </class> <!-- testcase.EditLead -->
      <class name="testcase.CreateLead">
        <test-method status="PASS" signature="preCondition()[pri:0, instance:testcase.CreateLead@480bdb19]" name="preCondition" is-config="true" duration-ms="34325" started-at="2024-06-06T23:50:09 IST" finished-at="2024-06-06T23:50:43 IST">
          <reporter-output>
          </reporter-output>
        </test-method> <!-- preCondition -->
        <test-method status="PASS" signature="runCreateLead()[pri:0, instance:testcase.CreateLead@480bdb19]" name="runCreateLead" duration-ms="17679" started-at="2024-06-06T23:50:43 IST" finished-at="2024-06-06T23:51:01 IST">
          <reporter-output>
          </reporter-output>
        </test-method> <!-- runCreateLead -->
        <test-method status="PASS" signature="postCondition()[pri:0, instance:testcase.CreateLead@480bdb19]" name="postCondition" is-config="true" duration-ms="100" started-at="2024-06-06T23:51:01 IST" finished-at="2024-06-06T23:51:01 IST">
          <reporter-output>
          </reporter-output>
        </test-method> <!-- postCondition -->
      </class> <!-- testcase.CreateLead -->
    </test> <!-- Test -->
  </suite> <!-- Suite -->
  <suite name="Suite (1)" duration-ms="124210" started-at="2024-06-06T23:51:46 IST" finished-at="2024-06-06T23:53:50 IST">
    <groups>
    </groups>
    <test name="edge" duration-ms="118056" started-at="2024-06-06T23:51:46 IST" finished-at="2024-06-06T23:53:44 IST">
      <class name="week5.day2.CreateLead">
        <test-method status="PASS" signature="preCondition(java.lang.String,java.lang.String,java.lang.String,java.lang.String)[pri:0, instance:week5.day2.CreateLead@4cf4d528]" name="preCondition" is-config="true" duration-ms="34030" started-at="2024-06-06T23:51:46 IST" finished-at="2024-06-06T23:52:20 IST">
          <params>
            <param index="0">
              <value>
                <![CDATA[http://leaftaps.com/opentaps/]]>
              </value>
            </param>
            <param index="1">
              <value>
                <![CDATA[DemoCSR]]>
              </value>
            </param>
            <param index="2">
              <value>
                <![CDATA[crmsfa]]>
              </value>
            </param>
            <param index="3">
              <value>
                <![CDATA[edge]]>
              </value>
            </param>
          </params>
          <reporter-output>
          </reporter-output>
        </test-method> <!-- preCondition -->
        <test-method status="PASS" signature="createLead()[pri:0, instance:week5.day2.CreateLead@4cf4d528]" name="createLead" duration-ms="8137" started-at="2024-06-06T23:52:20 IST" finished-at="2024-06-06T23:52:28 IST">
          <reporter-output>
          </reporter-output>
        </test-method> <!-- createLead -->
        <test-method status="PASS" signature="postCondition()[pri:0, instance:week5.day2.CreateLead@4cf4d528]" name="postCondition" is-config="true" duration-ms="721" started-at="2024-06-06T23:52:28 IST" finished-at="2024-06-06T23:52:29 IST">
          <reporter-output>
          </reporter-output>
        </test-method> <!-- postCondition -->
        <test-method status="PASS" signature="preCondition(java.lang.String,java.lang.String,java.lang.String,java.lang.String)[pri:0, instance:week5.day2.CreateLead@4cf4d528]" name="preCondition" is-config="true" duration-ms="55837" started-at="2024-06-06T23:52:29 IST" finished-at="2024-06-06T23:53:24 IST">
          <params>
            <param index="0">
              <value>
                <![CDATA[http://leaftaps.com/opentaps/]]>
              </value>
            </param>
            <param index="1">
              <value>
                <![CDATA[DemoCSR]]>
              </value>
            </param>
            <param index="2">
              <value>
                <![CDATA[crmsfa]]>
              </value>
            </param>
            <param index="3">
              <value>
                <![CDATA[edge]]>
              </value>
            </param>
          </params>
          <reporter-output>
          </reporter-output>
        </test-method> <!-- preCondition -->
        <test-method status="PASS" signature="createLead()[pri:0, instance:week5.day2.CreateLead@4cf4d528]" name="createLead" duration-ms="12044" started-at="2024-06-06T23:53:24 IST" finished-at="2024-06-06T23:53:36 IST">
          <reporter-output>
          </reporter-output>
        </test-method> <!-- createLead -->
        <test-method status="PASS" signature="postCondition()[pri:0, instance:week5.day2.CreateLead@4cf4d528]" name="postCondition" is-config="true" duration-ms="7284" started-at="2024-06-06T23:53:36 IST" finished-at="2024-06-06T23:53:44 IST">
          <reporter-output>
          </reporter-output>
        </test-method> <!-- postCondition -->
      </class> <!-- week5.day2.CreateLead -->
    </test> <!-- edge -->
    <test name="chrome" duration-ms="124210" started-at="2024-06-06T23:51:46 IST" finished-at="2024-06-06T23:53:50 IST">
      <class name="week5.day2.CreateLead">
        <test-method status="PASS" signature="preCondition(java.lang.String,java.lang.String,java.lang.String,java.lang.String)[pri:0, instance:week5.day2.CreateLead@2641e737]" name="preCondition" is-config="true" duration-ms="44068" started-at="2024-06-06T23:51:46 IST" finished-at="2024-06-06T23:52:30 IST">
          <params>
            <param index="0">
              <value>
                <![CDATA[http://leaftaps.com/opentaps/]]>
              </value>
            </param>
            <param index="1">
              <value>
                <![CDATA[DemoCSR]]>
              </value>
            </param>
            <param index="2">
              <value>
                <![CDATA[crmsfa]]>
              </value>
            </param>
            <param index="3">
              <value>
                <![CDATA[chrome]]>
              </value>
            </param>
          </params>
          <reporter-output>
          </reporter-output>
        </test-method> <!-- preCondition -->
        <test-method status="PASS" signature="createLead()[pri:0, instance:week5.day2.CreateLead@2641e737]" name="createLead" duration-ms="5560" started-at="2024-06-06T23:52:30 IST" finished-at="2024-06-06T23:52:35 IST">
          <reporter-output>
          </reporter-output>
        </test-method> <!-- createLead -->
        <test-method status="PASS" signature="postCondition()[pri:0, instance:week5.day2.CreateLead@2641e737]" name="postCondition" is-config="true" duration-ms="1030" started-at="2024-06-06T23:52:35 IST" finished-at="2024-06-06T23:52:36 IST">
          <reporter-output>
          </reporter-output>
        </test-method> <!-- postCondition -->
        <test-method status="PASS" signature="preCondition(java.lang.String,java.lang.String,java.lang.String,java.lang.String)[pri:0, instance:week5.day2.CreateLead@2641e737]" name="preCondition" is-config="true" duration-ms="67035" started-at="2024-06-06T23:52:36 IST" finished-at="2024-06-06T23:53:43 IST">
          <params>
            <param index="0">
              <value>
                <![CDATA[http://leaftaps.com/opentaps/]]>
              </value>
            </param>
            <param index="1">
              <value>
                <![CDATA[DemoCSR]]>
              </value>
            </param>
            <param index="2">
              <value>
                <![CDATA[crmsfa]]>
              </value>
            </param>
            <param index="3">
              <value>
                <![CDATA[chrome]]>
              </value>
            </param>
          </params>
          <reporter-output>
          </reporter-output>
        </test-method> <!-- preCondition -->
        <test-method status="PASS" signature="createLead()[pri:0, instance:week5.day2.CreateLead@2641e737]" name="createLead" duration-ms="6000" started-at="2024-06-06T23:53:43 IST" finished-at="2024-06-06T23:53:49 IST">
          <reporter-output>
          </reporter-output>
        </test-method> <!-- createLead -->
        <test-method status="PASS" signature="postCondition()[pri:0, instance:week5.day2.CreateLead@2641e737]" name="postCondition" is-config="true" duration-ms="517" started-at="2024-06-06T23:53:49 IST" finished-at="2024-06-06T23:53:50 IST">
          <reporter-output>
          </reporter-output>
        </test-method> <!-- postCondition -->
      </class> <!-- week5.day2.CreateLead -->
    </test> <!-- chrome -->
  </suite> <!-- Suite (1) -->
  <suite name="Suite (0)" duration-ms="9" started-at="2024-06-06T23:51:46 IST" finished-at="2024-06-06T23:51:46 IST">
    <groups>
      <group name="smoke">
        <method signature="LearnGroups.test1()[pri:0, instance:week6.day1.LearnGroups@6950e31]" name="test1" class="week6.day1.LearnGroups"/>
        <method signature="LearnGroups.test2()[pri:0, instance:week6.day1.LearnGroups@6950e31]" name="test2" class="week6.day1.LearnGroups"/>
      </group> <!-- smoke -->
    </groups>
    <test name="Test" duration-ms="9" started-at="2024-06-06T23:51:46 IST" finished-at="2024-06-06T23:51:46 IST">
      <class name="week6.day1.LearnGroups">
        <test-method status="PASS" signature="test2()[pri:0, instance:week6.day1.LearnGroups@6950e31]" name="test2" duration-ms="0" started-at="2024-06-06T23:51:46 IST" finished-at="2024-06-06T23:51:46 IST">
          <reporter-output>
          </reporter-output>
        </test-method> <!-- test2 -->
        <test-method status="PASS" signature="test1()[pri:0, instance:week6.day1.LearnGroups@6950e31]" name="test1" duration-ms="0" started-at="2024-06-06T23:51:46 IST" finished-at="2024-06-06T23:51:46 IST">
          <reporter-output>
          </reporter-output>
        </test-method> <!-- test1 -->
      </class> <!-- week6.day1.LearnGroups -->
    </test> <!-- Test -->
  </suite> <!-- Suite (0) -->
  <suite name="Suite (3)" duration-ms="63540" started-at="2024-06-06T23:56:43 IST" finished-at="2024-06-06T23:57:46 IST">
    <groups>
    </groups>
    <test name="Test1" duration-ms="29017" started-at="2024-06-06T23:56:43 IST" finished-at="2024-06-06T23:57:12 IST">
      <class name="week5.day2.CreateLeadWithDataProvider">
        <test-method status="PASS" signature="preCondition()[pri:0, instance:week5.day2.CreateLeadWithDataProvider@5fdba6f9]" name="preCondition" is-config="true" duration-ms="11248" started-at="2024-06-06T23:56:43 IST" finished-at="2024-06-06T23:56:54 IST">
          <reporter-output>
          </reporter-output>
        </test-method> <!-- preCondition -->
        <test-method status="PASS" signature="createLead(java.lang.String,java.lang.String,java.lang.String)[pri:0, instance:week5.day2.CreateLeadWithDataProvider@5fdba6f9]" name="createLead" duration-ms="3891" started-at="2024-06-06T23:56:54 IST" data-provider="Create" finished-at="2024-06-06T23:56:58 IST">
          <params>
            <param index="0">
              <value>
                <![CDATA[TestLeaf]]>
              </value>
            </param>
            <param index="1">
              <value>
                <![CDATA[Hari]]>
              </value>
            </param>
            <param index="2">
              <value>
                <![CDATA[R]]>
              </value>
            </param>
          </params>
          <reporter-output>
          </reporter-output>
        </test-method> <!-- createLead -->
        <test-method status="PASS" signature="postCondition()[pri:0, instance:week5.day2.CreateLeadWithDataProvider@5fdba6f9]" name="postCondition" is-config="true" duration-ms="127" started-at="2024-06-06T23:56:58 IST" finished-at="2024-06-06T23:56:58 IST">
          <reporter-output>
          </reporter-output>
        </test-method> <!-- postCondition -->
        <test-method status="PASS" signature="preCondition()[pri:0, instance:week5.day2.CreateLeadWithDataProvider@5fdba6f9]" name="preCondition" is-config="true" duration-ms="7913" started-at="2024-06-06T23:56:58 IST" finished-at="2024-06-06T23:57:06 IST">
          <reporter-output>
          </reporter-output>
        </test-method> <!-- preCondition -->
        <test-method status="PASS" signature="createLead(java.lang.String,java.lang.String,java.lang.String)[pri:0, instance:week5.day2.CreateLeadWithDataProvider@5fdba6f9]" name="createLead" duration-ms="5643" started-at="2024-06-06T23:57:06 IST" data-provider="Create" finished-at="2024-06-06T23:57:12 IST">
          <params>
            <param index="0">
              <value>
                <![CDATA[TestLeaf]]>
              </value>
            </param>
            <param index="1">
              <value>
                <![CDATA[Babu]]>
              </value>
            </param>
            <param index="2">
              <value>
                <![CDATA[M]]>
              </value>
            </param>
          </params>
          <reporter-output>
          </reporter-output>
        </test-method> <!-- createLead -->
        <test-method status="PASS" signature="postCondition()[pri:0, instance:week5.day2.CreateLeadWithDataProvider@5fdba6f9]" name="postCondition" is-config="true" duration-ms="121" started-at="2024-06-06T23:57:12 IST" finished-at="2024-06-06T23:57:12 IST">
          <reporter-output>
          </reporter-output>
        </test-method> <!-- postCondition -->
      </class> <!-- week5.day2.CreateLeadWithDataProvider -->
    </test> <!-- Test1 -->
    <test name="Test2" duration-ms="34506" started-at="2024-06-06T23:57:12 IST" finished-at="2024-06-06T23:57:46 IST">
      <class name="week5.day2.EditLeadWithDataProvider">
        <test-method status="PASS" signature="preCondition(java.lang.String,java.lang.String,java.lang.String,java.lang.String)[pri:0, instance:week5.day2.EditLeadWithDataProvider@5123a213]" name="preCondition" is-config="true" duration-ms="7549" started-at="2024-06-06T23:57:12 IST" finished-at="2024-06-06T23:57:19 IST">
          <params>
            <param index="0">
              <value>
                <![CDATA[http://leaftaps.com/opentaps/]]>
              </value>
            </param>
            <param index="1">
              <value>
                <![CDATA[DemoCSR]]>
              </value>
            </param>
            <param index="2">
              <value>
                <![CDATA[crmsfa]]>
              </value>
            </param>
            <param index="3">
              <value>
                <![CDATA[chrome]]>
              </value>
            </param>
          </params>
          <reporter-output>
          </reporter-output>
        </test-method> <!-- preCondition -->
        <test-method status="PASS" signature="editLead(java.lang.String,java.lang.String)[pri:0, instance:week5.day2.EditLeadWithDataProvider@5123a213]" name="editLead" duration-ms="9734" started-at="2024-06-06T23:57:19 IST" data-provider="Edit" finished-at="2024-06-06T23:57:29 IST">
          <params>
            <param index="0">
              <value>
                <![CDATA[9]]>
              </value>
            </param>
            <param index="1">
              <value>
                <![CDATA[Hari]]>
              </value>
            </param>
          </params>
          <reporter-output>
          </reporter-output>
        </test-method> <!-- editLead -->
        <test-method status="PASS" signature="postCondition()[pri:0, instance:week5.day2.EditLeadWithDataProvider@5123a213]" name="postCondition" is-config="true" duration-ms="152" started-at="2024-06-06T23:57:29 IST" finished-at="2024-06-06T23:57:29 IST">
          <reporter-output>
          </reporter-output>
        </test-method> <!-- postCondition -->
        <test-method status="PASS" signature="preCondition(java.lang.String,java.lang.String,java.lang.String,java.lang.String)[pri:0, instance:week5.day2.EditLeadWithDataProvider@5123a213]" name="preCondition" is-config="true" duration-ms="7279" started-at="2024-06-06T23:57:29 IST" finished-at="2024-06-06T23:57:36 IST">
          <params>
            <param index="0">
              <value>
                <![CDATA[http://leaftaps.com/opentaps/]]>
              </value>
            </param>
            <param index="1">
              <value>
                <![CDATA[DemoCSR]]>
              </value>
            </param>
            <param index="2">
              <value>
                <![CDATA[crmsfa]]>
              </value>
            </param>
            <param index="3">
              <value>
                <![CDATA[chrome]]>
              </value>
            </param>
          </params>
          <reporter-output>
          </reporter-output>
        </test-method> <!-- preCondition -->
        <test-method status="PASS" signature="editLead(java.lang.String,java.lang.String)[pri:0, instance:week5.day2.EditLeadWithDataProvider@5123a213]" name="editLead" duration-ms="9579" started-at="2024-06-06T23:57:36 IST" data-provider="Edit" finished-at="2024-06-06T23:57:46 IST">
          <params>
            <param index="0">
              <value>
                <![CDATA[2]]>
              </value>
            </param>
            <param index="1">
              <value>
                <![CDATA[Babu]]>
              </value>
            </param>
          </params>
          <reporter-output>
          </reporter-output>
        </test-method> <!-- editLead -->
        <test-method status="PASS" signature="postCondition()[pri:0, instance:week5.day2.EditLeadWithDataProvider@5123a213]" name="postCondition" is-config="true" duration-ms="140" started-at="2024-06-06T23:57:46 IST" finished-at="2024-06-06T23:57:46 IST">
          <reporter-output>
          </reporter-output>
        </test-method> <!-- postCondition -->
      </class> <!-- week5.day2.EditLeadWithDataProvider -->
    </test> <!-- Test2 -->
  </suite> <!-- Suite (3) -->
  <suite name="Suite (2)" duration-ms="172679" started-at="2024-06-06T23:53:50 IST" finished-at="2024-06-06T23:56:43 IST">
    <groups>
    </groups>
    <test name="Test" duration-ms="172679" started-at="2024-06-06T23:53:50 IST" finished-at="2024-06-06T23:56:43 IST">
      <class name="testcase.DeleteLead">
        <test-method status="PASS" signature="runDeleteLead()[pri:0, instance:testcase.DeleteLead@4fcd19b3]" name="runDeleteLead" duration-ms="85285" started-at="2024-06-06T23:53:50 IST" finished-at="2024-06-06T23:55:15 IST">
          <reporter-output>
          </reporter-output>
        </test-method> <!-- runDeleteLead -->
      </class> <!-- testcase.DeleteLead -->
      <class name="testcase.EditLead">
        <test-method status="PASS" signature="runEditLead()[pri:0, instance:testcase.EditLead@5204062d]" name="runEditLead" duration-ms="70624" started-at="2024-06-06T23:55:32 IST" depends-on-methods="testcase.CreateLead.runCreateLead" finished-at="2024-06-06T23:56:43 IST">
          <reporter-output>
          </reporter-output>
        </test-method> <!-- runEditLead -->
      </class> <!-- testcase.EditLead -->
      <class name="week5.day2.CreateLeadWithDataProvider">
        <test-method status="PASS" signature="preCondition()[pri:0, instance:week5.day2.CreateLeadWithDataProvider@2fd66ad3]" name="preCondition" is-config="true" duration-ms="63002" started-at="2024-06-06T23:53:54 IST" finished-at="2024-06-06T23:54:57 IST">
          <reporter-output>
          </reporter-output>
        </test-method> <!-- preCondition -->
        <test-method status="PASS" signature="createLead(java.lang.String,java.lang.String,java.lang.String)[pri:0, instance:week5.day2.CreateLeadWithDataProvider@2fd66ad3]" name="createLead" duration-ms="18643" started-at="2024-06-06T23:54:57 IST" data-provider="Create" finished-at="2024-06-06T23:55:15 IST">
          <params>
            <param index="0">
              <value>
                <![CDATA[TestLeaf]]>
              </value>
            </param>
            <param index="1">
              <value>
                <![CDATA[Hari]]>
              </value>
            </param>
            <param index="2">
              <value>
                <![CDATA[R]]>
              </value>
            </param>
          </params>
          <reporter-output>
          </reporter-output>
        </test-method> <!-- createLead -->
        <test-method status="PASS" signature="postCondition()[pri:0, instance:week5.day2.CreateLeadWithDataProvider@2fd66ad3]" name="postCondition" is-config="true" duration-ms="584" started-at="2024-06-06T23:55:15 IST" finished-at="2024-06-06T23:55:16 IST">
          <reporter-output>
          </reporter-output>
        </test-method> <!-- postCondition -->
        <test-method status="PASS" signature="preCondition()[pri:0, instance:week5.day2.CreateLeadWithDataProvider@2fd66ad3]" name="preCondition" is-config="true" duration-ms="52722" started-at="2024-06-06T23:55:16 IST" finished-at="2024-06-06T23:56:09 IST">
          <reporter-output>
          </reporter-output>
        </test-method> <!-- preCondition -->
        <test-method status="PASS" signature="createLead(java.lang.String,java.lang.String,java.lang.String)[pri:0, instance:week5.day2.CreateLeadWithDataProvider@2fd66ad3]" name="createLead" duration-ms="10335" started-at="2024-06-06T23:56:09 IST" data-provider="Create" finished-at="2024-06-06T23:56:19 IST">
          <params>
            <param index="0">
              <value>
                <![CDATA[TestLeaf]]>
              </value>
            </param>
            <param index="1">
              <value>
                <![CDATA[Babu]]>
              </value>
            </param>
            <param index="2">
              <value>
                <![CDATA[M]]>
              </value>
            </param>
          </params>
          <reporter-output>
          </reporter-output>
        </test-method> <!-- createLead -->
        <test-method status="PASS" signature="postCondition()[pri:0, instance:week5.day2.CreateLeadWithDataProvider@2fd66ad3]" name="postCondition" is-config="true" duration-ms="2565" started-at="2024-06-06T23:56:19 IST" finished-at="2024-06-06T23:56:22 IST">
          <reporter-output>
          </reporter-output>
        </test-method> <!-- postCondition -->
      </class> <!-- week5.day2.CreateLeadWithDataProvider -->
      <class name="week5.day2.DataProviderBasic">
        <test-method status="PASS" signature="preCondition()[pri:0, instance:week5.day2.DataProviderBasic@376b4233]" name="preCondition" is-config="true" duration-ms="43246" started-at="2024-06-06T23:53:50 IST" finished-at="2024-06-06T23:54:33 IST">
          <reporter-output>
          </reporter-output>
        </test-method> <!-- preCondition -->
        <test-method status="PASS" signature="createLead(java.lang.String,java.lang.String,java.lang.String)[pri:0, instance:week5.day2.DataProviderBasic@376b4233]" name="createLead" duration-ms="44144" started-at="2024-06-06T23:54:33 IST" data-provider="create" finished-at="2024-06-06T23:55:17 IST">
          <params>
            <param index="0">
              <value>
                <![CDATA[TestLeaf]]>
              </value>
            </param>
            <param index="1">
              <value>
                <![CDATA[Hari]]>
              </value>
            </param>
            <param index="2">
              <value>
                <![CDATA[RadhaKrishnan]]>
              </value>
            </param>
          </params>
          <reporter-output>
          </reporter-output>
        </test-method> <!-- createLead -->
        <test-method status="PASS" signature="postCondition()[pri:0, instance:week5.day2.DataProviderBasic@376b4233]" name="postCondition" is-config="true" duration-ms="14336" started-at="2024-06-06T23:55:17 IST" finished-at="2024-06-06T23:55:32 IST">
          <reporter-output>
          </reporter-output>
        </test-method> <!-- postCondition -->
        <test-method status="PASS" signature="preCondition()[pri:0, instance:week5.day2.DataProviderBasic@376b4233]" name="preCondition" is-config="true" duration-ms="51645" started-at="2024-06-06T23:55:32 IST" finished-at="2024-06-06T23:56:23 IST">
          <reporter-output>
          </reporter-output>
        </test-method> <!-- preCondition -->
        <test-method status="PASS" signature="createLead(java.lang.String,java.lang.String,java.lang.String)[pri:0, instance:week5.day2.DataProviderBasic@376b4233]" name="createLead" duration-ms="17531" started-at="2024-06-06T23:56:23 IST" data-provider="create" finished-at="2024-06-06T23:56:41 IST">
          <params>
            <param index="0">
              <value>
                <![CDATA[Qeagle]]>
              </value>
            </param>
            <param index="1">
              <value>
                <![CDATA[Babu]]>
              </value>
            </param>
            <param index="2">
              <value>
                <![CDATA[Manickam]]>
              </value>
            </param>
          </params>
          <reporter-output>
          </reporter-output>
        </test-method> <!-- createLead -->
        <test-method status="PASS" signature="postCondition()[pri:0, instance:week5.day2.DataProviderBasic@376b4233]" name="postCondition" is-config="true" duration-ms="1696" started-at="2024-06-06T23:56:41 IST" finished-at="2024-06-06T23:56:43 IST">
          <reporter-output>
          </reporter-output>
        </test-method> <!-- postCondition -->
      </class> <!-- week5.day2.DataProviderBasic -->
      <class name="testcase.CreateLead">
        <test-method status="PASS" signature="preCondition()[pri:0, instance:testcase.CreateLead@5579bb86]" name="preCondition" is-config="true" duration-ms="43739" started-at="2024-06-06T23:53:50 IST" finished-at="2024-06-06T23:54:34 IST">
          <reporter-output>
          </reporter-output>
        </test-method> <!-- preCondition -->
        <test-method status="PASS" signature="runCreateLead()[pri:0, instance:testcase.CreateLead@5579bb86]" name="runCreateLead" duration-ms="44479" started-at="2024-06-06T23:54:34 IST" finished-at="2024-06-06T23:55:18 IST">
          <reporter-output>
          </reporter-output>
        </test-method> <!-- runCreateLead -->
        <test-method status="PASS" signature="postCondition()[pri:0, instance:testcase.CreateLead@5579bb86]" name="postCondition" is-config="true" duration-ms="13531" started-at="2024-06-06T23:55:18 IST" finished-at="2024-06-06T23:55:32 IST">
          <reporter-output>
          </reporter-output>
        </test-method> <!-- postCondition -->
      </class> <!-- testcase.CreateLead -->
    </test> <!-- Test -->
  </suite> <!-- Suite (2) -->
</testng-results>
