<?xml version="1.0" encoding="UTF-8"?>
<testng-results skipped="0" failed="0" ignored="2" total="21" passed="19">
  <reporter-output>
  </reporter-output>
  <suite name="Suite" duration-ms="121623" started-at="2024-08-17T18:25:19 IST" finished-at="2024-08-17T18:27:21 IST">
    <groups>
    </groups>
    <test name="Test" duration-ms="121623" started-at="2024-08-17T18:25:19 IST" finished-at="2024-08-17T18:27:21 IST">
      <class name="testcase.DeleteLead">
        <test-method status="PASS" signature="runDeleteLead()[pri:0, instance:testcase.DeleteLead@59906517]" name="runDeleteLead" duration-ms="106087" started-at="2024-08-17T18:25:19 IST" finished-at="2024-08-17T18:27:05 IST">
          <reporter-output>
          </reporter-output>
        </test-method> <!-- runDeleteLead -->
      </class> <!-- testcase.DeleteLead -->
      <class name="testcase.EditLead">
        <test-method status="PASS" signature="runEditLead()[pri:0, instance:testcase.EditLead@cb51256]" name="runEditLead" duration-ms="33754" started-at="2024-08-17T18:26:47 IST" depends-on-methods="testcase.CreateLead.runCreateLead" finished-at="2024-08-17T18:27:21 IST">
          <reporter-output>
          </reporter-output>
        </test-method> <!-- runEditLead -->
      </class> <!-- testcase.EditLead -->
      <class name="testcase.CreateLead">
        <test-method status="PASS" signature="preCondition()[pri:0, instance:testcase.CreateLead@480bdb19]" name="preCondition" is-config="true" duration-ms="52188" started-at="2024-08-17T18:25:19 IST" finished-at="2024-08-17T18:26:11 IST">
          <reporter-output>
          </reporter-output>
        </test-method> <!-- preCondition -->
        <test-method status="PASS" signature="runCreateLead()[pri:0, instance:testcase.CreateLead@480bdb19]" name="runCreateLead" duration-ms="25570" started-at="2024-08-17T18:26:11 IST" finished-at="2024-08-17T18:26:37 IST">
          <reporter-output>
          </reporter-output>
        </test-method> <!-- runCreateLead -->
        <test-method status="PASS" signature="postCondition()[pri:0, instance:testcase.CreateLead@480bdb19]" name="postCondition" is-config="true" duration-ms="9792" started-at="2024-08-17T18:26:37 IST" finished-at="2024-08-17T18:26:47 IST">
          <reporter-output>
          </reporter-output>
        </test-method> <!-- postCondition -->
      </class> <!-- testcase.CreateLead -->
    </test> <!-- Test -->
  </suite> <!-- Suite -->
  <suite name="Suite (1)" duration-ms="51551" started-at="2024-08-17T18:27:21 IST" finished-at="2024-08-17T18:28:12 IST">
    <groups>
    </groups>
    <test name="chrome" duration-ms="13724" started-at="2024-08-17T18:27:21 IST" finished-at="2024-08-17T18:27:34 IST">
      <class name="week5.day2.CreateLead">
        <test-method status="PASS" signature="preCondition(java.lang.String,java.lang.String,java.lang.String,java.lang.String)[pri:0, instance:week5.day2.CreateLead@704921a5]" name="preCondition" is-config="true" duration-ms="9430" started-at="2024-08-17T18:27:21 IST" finished-at="2024-08-17T18:27:30 IST">
          <params>
            <param index="0">
              <value>
                <![CDATA[http://leaftaps.com/opentaps/]]>
              </value>
            </param>
            <param index="1">
              <value>
                <![CDATA[DemoCSR]]>
              </value>
            </param>
            <param index="2">
              <value>
                <![CDATA[crmsfa]]>
              </value>
            </param>
            <param index="3">
              <value>
                <![CDATA[chrome]]>
              </value>
            </param>
          </params>
          <reporter-output>
          </reporter-output>
        </test-method> <!-- preCondition -->
        <test-method status="PASS" signature="createLead()[pri:0, instance:week5.day2.CreateLead@704921a5]" name="createLead" duration-ms="4192" started-at="2024-08-17T18:27:30 IST" finished-at="2024-08-17T18:27:34 IST">
          <reporter-output>
          </reporter-output>
        </test-method> <!-- createLead -->
        <test-method status="PASS" signature="postCondition()[pri:0, instance:week5.day2.CreateLead@704921a5]" name="postCondition" is-config="true" duration-ms="96" started-at="2024-08-17T18:27:34 IST" finished-at="2024-08-17T18:27:34 IST">
          <reporter-output>
          </reporter-output>
        </test-method> <!-- postCondition -->
      </class> <!-- week5.day2.CreateLead -->
    </test> <!-- chrome -->
    <test name="edge" duration-ms="51551" started-at="2024-08-17T18:27:21 IST" finished-at="2024-08-17T18:28:12 IST">
      <class name="week5.day2.EditLead">
        <test-method status="PASS" signature="preCondition(java.lang.String,java.lang.String,java.lang.String,java.lang.String)[pri:0, instance:week5.day2.EditLead@77846d2c]" name="preCondition" is-config="true" duration-ms="9697" started-at="2024-08-17T18:27:56 IST" finished-at="2024-08-17T18:28:06 IST">
          <params>
            <param index="0">
              <value>
                <![CDATA[http://leaftaps.com/opentaps/]]>
              </value>
            </param>
            <param index="1">
              <value>
                <![CDATA[DemoCSR]]>
              </value>
            </param>
            <param index="2">
              <value>
                <![CDATA[crmsfa]]>
              </value>
            </param>
            <param index="3">
              <value>
                <![CDATA[edge]]>
              </value>
            </param>
          </params>
          <reporter-output>
          </reporter-output>
        </test-method> <!-- preCondition -->
        <test-method status="PASS" signature="editLead()[pri:0, instance:week5.day2.EditLead@77846d2c]" name="editLead" duration-ms="6421" started-at="2024-08-17T18:28:06 IST" depends-on-methods="week5.day2.CreateLead.createLead" finished-at="2024-08-17T18:28:12 IST">
          <reporter-output>
          </reporter-output>
        </test-method> <!-- editLead -->
        <test-method status="PASS" signature="postCondition()[pri:0, instance:week5.day2.EditLead@77846d2c]" name="postCondition" is-config="true" duration-ms="122" started-at="2024-08-17T18:28:12 IST" finished-at="2024-08-17T18:28:12 IST">
          <reporter-output>
          </reporter-output>
        </test-method> <!-- postCondition -->
      </class> <!-- week5.day2.EditLead -->
      <class name="week5.day2.CreateLead">
        <test-method status="PASS" signature="preCondition(java.lang.String,java.lang.String,java.lang.String,java.lang.String)[pri:0, instance:week5.day2.CreateLead@4cf4d528]" name="preCondition" is-config="true" duration-ms="30501" started-at="2024-08-17T18:27:21 IST" finished-at="2024-08-17T18:27:51 IST">
          <params>
            <param index="0">
              <value>
                <![CDATA[http://leaftaps.com/opentaps/]]>
              </value>
            </param>
            <param index="1">
              <value>
                <![CDATA[DemoCSR]]>
              </value>
            </param>
            <param index="2">
              <value>
                <![CDATA[crmsfa]]>
              </value>
            </param>
            <param index="3">
              <value>
                <![CDATA[edge]]>
              </value>
            </param>
          </params>
          <reporter-output>
          </reporter-output>
        </test-method> <!-- preCondition -->
        <test-method status="PASS" signature="createLead()[pri:0, instance:week5.day2.CreateLead@4cf4d528]" name="createLead" duration-ms="4686" started-at="2024-08-17T18:27:51 IST" finished-at="2024-08-17T18:27:56 IST">
          <reporter-output>
          </reporter-output>
        </test-method> <!-- createLead -->
        <test-method status="PASS" signature="postCondition()[pri:0, instance:week5.day2.CreateLead@4cf4d528]" name="postCondition" is-config="true" duration-ms="118" started-at="2024-08-17T18:27:56 IST" finished-at="2024-08-17T18:27:56 IST">
          <reporter-output>
          </reporter-output>
        </test-method> <!-- postCondition -->
      </class> <!-- week5.day2.CreateLead -->
    </test> <!-- edge -->
  </suite> <!-- Suite (1) -->
  <suite name="Suite (0)" duration-ms="6" started-at="2024-08-17T18:27:21 IST" finished-at="2024-08-17T18:27:21 IST">
    <groups>
      <group name="smoke">
        <method signature="LearnGroups.test1()[pri:0, instance:week6.day1.LearnGroups@2db7a79b]" name="test1" class="week6.day1.LearnGroups"/>
        <method signature="LearnGroups.test2()[pri:0, instance:week6.day1.LearnGroups@2db7a79b]" name="test2" class="week6.day1.LearnGroups"/>
      </group> <!-- smoke -->
    </groups>
    <test name="Test" duration-ms="6" started-at="2024-08-17T18:27:21 IST" finished-at="2024-08-17T18:27:21 IST">
      <class name="week6.day1.LearnGroups">
        <test-method status="PASS" signature="test1()[pri:0, instance:week6.day1.LearnGroups@2db7a79b]" name="test1" duration-ms="0" started-at="2024-08-17T18:27:21 IST" finished-at="2024-08-17T18:27:21 IST">
          <reporter-output>
          </reporter-output>
        </test-method> <!-- test1 -->
        <test-method status="PASS" signature="test2()[pri:0, instance:week6.day1.LearnGroups@2db7a79b]" name="test2" duration-ms="0" started-at="2024-08-17T18:27:21 IST" finished-at="2024-08-17T18:27:21 IST">
          <reporter-output>
          </reporter-output>
        </test-method> <!-- test2 -->
      </class> <!-- week6.day1.LearnGroups -->
    </test> <!-- Test -->
  </suite> <!-- Suite (0) -->
  <suite name="Suite (3)" duration-ms="63515" started-at="2024-08-17T18:29:40 IST" finished-at="2024-08-17T18:30:44 IST">
    <groups>
    </groups>
    <test name="Test1" duration-ms="32238" started-at="2024-08-17T18:29:40 IST" finished-at="2024-08-17T18:30:12 IST">
      <class name="week5.day2.CreateLeadWithDataProvider">
        <test-method status="PASS" signature="preCondition()[pri:0, instance:week5.day2.CreateLeadWithDataProvider@fe18270]" name="preCondition" is-config="true" duration-ms="11474" started-at="2024-08-17T18:29:40 IST" finished-at="2024-08-17T18:29:52 IST">
          <reporter-output>
          </reporter-output>
        </test-method> <!-- preCondition -->
        <test-method status="PASS" signature="createLead(java.lang.String,java.lang.String,java.lang.String)[pri:0, instance:week5.day2.CreateLeadWithDataProvider@fe18270]" name="createLead" duration-ms="3929" started-at="2024-08-17T18:29:52 IST" data-provider="Create" finished-at="2024-08-17T18:29:56 IST">
          <params>
            <param index="0">
              <value>
                <![CDATA[TestLeaf]]>
              </value>
            </param>
            <param index="1">
              <value>
                <![CDATA[Hari]]>
              </value>
            </param>
            <param index="2">
              <value>
                <![CDATA[R]]>
              </value>
            </param>
          </params>
          <reporter-output>
          </reporter-output>
        </test-method> <!-- createLead -->
        <test-method status="PASS" signature="postCondition()[pri:0, instance:week5.day2.CreateLeadWithDataProvider@fe18270]" name="postCondition" is-config="true" duration-ms="105" started-at="2024-08-17T18:29:56 IST" finished-at="2024-08-17T18:29:56 IST">
          <reporter-output>
          </reporter-output>
        </test-method> <!-- postCondition -->
        <test-method status="PASS" signature="preCondition()[pri:0, instance:week5.day2.CreateLeadWithDataProvider@fe18270]" name="preCondition" is-config="true" duration-ms="11709" started-at="2024-08-17T18:29:56 IST" finished-at="2024-08-17T18:30:07 IST">
          <reporter-output>
          </reporter-output>
        </test-method> <!-- preCondition -->
        <test-method status="PASS" signature="createLead(java.lang.String,java.lang.String,java.lang.String)[pri:0, instance:week5.day2.CreateLeadWithDataProvider@fe18270]" name="createLead" duration-ms="4870" started-at="2024-08-17T18:30:07 IST" data-provider="Create" finished-at="2024-08-17T18:30:12 IST">
          <params>
            <param index="0">
              <value>
                <![CDATA[TestLeaf]]>
              </value>
            </param>
            <param index="1">
              <value>
                <![CDATA[Babu]]>
              </value>
            </param>
            <param index="2">
              <value>
                <![CDATA[M]]>
              </value>
            </param>
          </params>
          <reporter-output>
          </reporter-output>
        </test-method> <!-- createLead -->
        <test-method status="PASS" signature="postCondition()[pri:0, instance:week5.day2.CreateLeadWithDataProvider@fe18270]" name="postCondition" is-config="true" duration-ms="93" started-at="2024-08-17T18:30:12 IST" finished-at="2024-08-17T18:30:12 IST">
          <reporter-output>
          </reporter-output>
        </test-method> <!-- postCondition -->
      </class> <!-- week5.day2.CreateLeadWithDataProvider -->
    </test> <!-- Test1 -->
    <test name="Test2" duration-ms="31273" started-at="2024-08-17T18:30:12 IST" finished-at="2024-08-17T18:30:44 IST">
      <class name="week5.day2.EditLeadWithDataProvider">
        <test-method status="PASS" signature="preCondition(java.lang.String,java.lang.String,java.lang.String,java.lang.String)[pri:0, instance:week5.day2.EditLeadWithDataProvider@3b94d659]" name="preCondition" is-config="true" duration-ms="8366" started-at="2024-08-17T18:30:12 IST" finished-at="2024-08-17T18:30:21 IST">
          <params>
            <param index="0">
              <value>
                <![CDATA[http://leaftaps.com/opentaps/]]>
              </value>
            </param>
            <param index="1">
              <value>
                <![CDATA[DemoCSR]]>
              </value>
            </param>
            <param index="2">
              <value>
                <![CDATA[crmsfa]]>
              </value>
            </param>
            <param index="3">
              <value>
                <![CDATA[chrome]]>
              </value>
            </param>
          </params>
          <reporter-output>
          </reporter-output>
        </test-method> <!-- preCondition -->
        <test-method status="PASS" signature="editLead(java.lang.String,java.lang.String)[pri:0, instance:week5.day2.EditLeadWithDataProvider@3b94d659]" name="editLead" duration-ms="7777" started-at="2024-08-17T18:30:21 IST" data-provider="Edit" finished-at="2024-08-17T18:30:29 IST">
          <params>
            <param index="0">
              <value>
                <![CDATA[9]]>
              </value>
            </param>
            <param index="1">
              <value>
                <![CDATA[Hari]]>
              </value>
            </param>
          </params>
          <reporter-output>
          </reporter-output>
        </test-method> <!-- editLead -->
        <test-method status="PASS" signature="postCondition()[pri:0, instance:week5.day2.EditLeadWithDataProvider@3b94d659]" name="postCondition" is-config="true" duration-ms="109" started-at="2024-08-17T18:30:29 IST" finished-at="2024-08-17T18:30:29 IST">
          <reporter-output>
          </reporter-output>
        </test-method> <!-- postCondition -->
        <test-method status="PASS" signature="preCondition(java.lang.String,java.lang.String,java.lang.String,java.lang.String)[pri:0, instance:week5.day2.EditLeadWithDataProvider@3b94d659]" name="preCondition" is-config="true" duration-ms="7335" started-at="2024-08-17T18:30:29 IST" finished-at="2024-08-17T18:30:36 IST">
          <params>
            <param index="0">
              <value>
                <![CDATA[http://leaftaps.com/opentaps/]]>
              </value>
            </param>
            <param index="1">
              <value>
                <![CDATA[DemoCSR]]>
              </value>
            </param>
            <param index="2">
              <value>
                <![CDATA[crmsfa]]>
              </value>
            </param>
            <param index="3">
              <value>
                <![CDATA[chrome]]>
              </value>
            </param>
          </params>
          <reporter-output>
          </reporter-output>
        </test-method> <!-- preCondition -->
        <test-method status="PASS" signature="editLead(java.lang.String,java.lang.String)[pri:0, instance:week5.day2.EditLeadWithDataProvider@3b94d659]" name="editLead" duration-ms="7474" started-at="2024-08-17T18:30:36 IST" data-provider="Edit" finished-at="2024-08-17T18:30:44 IST">
          <params>
            <param index="0">
              <value>
                <![CDATA[2]]>
              </value>
            </param>
            <param index="1">
              <value>
                <![CDATA[Babu]]>
              </value>
            </param>
          </params>
          <reporter-output>
          </reporter-output>
        </test-method> <!-- editLead -->
        <test-method status="PASS" signature="postCondition()[pri:0, instance:week5.day2.EditLeadWithDataProvider@3b94d659]" name="postCondition" is-config="true" duration-ms="138" started-at="2024-08-17T18:30:44 IST" finished-at="2024-08-17T18:30:44 IST">
          <reporter-output>
          </reporter-output>
        </test-method> <!-- postCondition -->
      </class> <!-- week5.day2.EditLeadWithDataProvider -->
    </test> <!-- Test2 -->
  </suite> <!-- Suite (3) -->
  <suite name="Suite (2)" duration-ms="87907" started-at="2024-08-17T18:28:12 IST" finished-at="2024-08-17T18:29:40 IST">
    <groups>
    </groups>
    <test name="Test" duration-ms="87907" started-at="2024-08-17T18:28:12 IST" finished-at="2024-08-17T18:29:40 IST">
      <class name="testcase.DeleteLead">
        <test-method status="PASS" signature="runDeleteLead()[pri:0, instance:testcase.DeleteLead@2fd66ad3]" name="runDeleteLead" duration-ms="67719" started-at="2024-08-17T18:28:12 IST" finished-at="2024-08-17T18:29:20 IST">
          <reporter-output>
          </reporter-output>
        </test-method> <!-- runDeleteLead -->
      </class> <!-- testcase.DeleteLead -->
      <class name="testcase.EditLead">
        <test-method status="PASS" signature="runEditLead()[pri:0, instance:testcase.EditLead@376b4233]" name="runEditLead" duration-ms="22221" started-at="2024-08-17T18:29:18 IST" depends-on-methods="testcase.CreateLead.runCreateLead" finished-at="2024-08-17T18:29:40 IST">
          <reporter-output>
          </reporter-output>
        </test-method> <!-- runEditLead -->
      </class> <!-- testcase.EditLead -->
      <class name="week5.day2.CreateLeadWithDataProvider">
        <test-method status="PASS" signature="preCondition()[pri:0, instance:week5.day2.CreateLeadWithDataProvider@7a36aefa]" name="preCondition" is-config="true" duration-ms="36779" started-at="2024-08-17T18:28:15 IST" finished-at="2024-08-17T18:28:52 IST">
          <reporter-output>
          </reporter-output>
        </test-method> <!-- preCondition -->
        <test-method status="PASS" signature="createLead(java.lang.String,java.lang.String,java.lang.String)[pri:0, instance:week5.day2.CreateLeadWithDataProvider@7a36aefa]" name="createLead" duration-ms="20029" started-at="2024-08-17T18:28:52 IST" data-provider="Create" finished-at="2024-08-17T18:29:12 IST">
          <params>
            <param index="0">
              <value>
                <![CDATA[TestLeaf]]>
              </value>
            </param>
            <param index="1">
              <value>
                <![CDATA[Hari]]>
              </value>
            </param>
            <param index="2">
              <value>
                <![CDATA[R]]>
              </value>
            </param>
          </params>
          <reporter-output>
          </reporter-output>
        </test-method> <!-- createLead -->
        <test-method status="PASS" signature="postCondition()[pri:0, instance:week5.day2.CreateLeadWithDataProvider@7a36aefa]" name="postCondition" is-config="true" duration-ms="3950" started-at="2024-08-17T18:29:12 IST" finished-at="2024-08-17T18:29:16 IST">
          <reporter-output>
          </reporter-output>
        </test-method> <!-- postCondition -->
        <test-method status="PASS" signature="preCondition()[pri:0, instance:week5.day2.CreateLeadWithDataProvider@7a36aefa]" name="preCondition" is-config="true" duration-ms="15889" started-at="2024-08-17T18:29:16 IST" finished-at="2024-08-17T18:29:31 IST">
          <reporter-output>
          </reporter-output>
        </test-method> <!-- preCondition -->
        <test-method status="PASS" signature="createLead(java.lang.String,java.lang.String,java.lang.String)[pri:0, instance:week5.day2.CreateLeadWithDataProvider@7a36aefa]" name="createLead" duration-ms="6836" started-at="2024-08-17T18:29:31 IST" data-provider="Create" finished-at="2024-08-17T18:29:38 IST">
          <params>
            <param index="0">
              <value>
                <![CDATA[TestLeaf]]>
              </value>
            </param>
            <param index="1">
              <value>
                <![CDATA[Babu]]>
              </value>
            </param>
            <param index="2">
              <value>
                <![CDATA[M]]>
              </value>
            </param>
          </params>
          <reporter-output>
          </reporter-output>
        </test-method> <!-- createLead -->
        <test-method status="PASS" signature="postCondition()[pri:0, instance:week5.day2.CreateLeadWithDataProvider@7a36aefa]" name="postCondition" is-config="true" duration-ms="84" started-at="2024-08-17T18:29:38 IST" finished-at="2024-08-17T18:29:38 IST">
          <reporter-output>
          </reporter-output>
        </test-method> <!-- postCondition -->
      </class> <!-- week5.day2.CreateLeadWithDataProvider -->
      <class name="week5.day2.DataProviderBasic">
        <test-method status="PASS" signature="preCondition()[pri:0, instance:week5.day2.DataProviderBasic@5d11346a]" name="preCondition" is-config="true" duration-ms="27694" started-at="2024-08-17T18:28:12 IST" finished-at="2024-08-17T18:28:40 IST">
          <reporter-output>
          </reporter-output>
        </test-method> <!-- preCondition -->
        <test-method status="PASS" signature="createLead(java.lang.String,java.lang.String,java.lang.String)[pri:0, instance:week5.day2.DataProviderBasic@5d11346a]" name="createLead" duration-ms="25198" started-at="2024-08-17T18:28:40 IST" data-provider="create" finished-at="2024-08-17T18:29:05 IST">
          <params>
            <param index="0">
              <value>
                <![CDATA[TestLeaf]]>
              </value>
            </param>
            <param index="1">
              <value>
                <![CDATA[Hari]]>
              </value>
            </param>
            <param index="2">
              <value>
                <![CDATA[RadhaKrishnan]]>
              </value>
            </param>
          </params>
          <reporter-output>
          </reporter-output>
        </test-method> <!-- createLead -->
        <test-method status="PASS" signature="postCondition()[pri:0, instance:week5.day2.DataProviderBasic@5d11346a]" name="postCondition" is-config="true" duration-ms="6279" started-at="2024-08-17T18:29:05 IST" finished-at="2024-08-17T18:29:11 IST">
          <reporter-output>
          </reporter-output>
        </test-method> <!-- postCondition -->
        <test-method status="PASS" signature="preCondition()[pri:0, instance:week5.day2.DataProviderBasic@5d11346a]" name="preCondition" is-config="true" duration-ms="16065" started-at="2024-08-17T18:29:11 IST" finished-at="2024-08-17T18:29:28 IST">
          <reporter-output>
          </reporter-output>
        </test-method> <!-- preCondition -->
        <test-method status="PASS" signature="createLead(java.lang.String,java.lang.String,java.lang.String)[pri:0, instance:week5.day2.DataProviderBasic@5d11346a]" name="createLead" duration-ms="10084" started-at="2024-08-17T18:29:28 IST" data-provider="create" finished-at="2024-08-17T18:29:38 IST">
          <params>
            <param index="0">
              <value>
                <![CDATA[Qeagle]]>
              </value>
            </param>
            <param index="1">
              <value>
                <![CDATA[Babu]]>
              </value>
            </param>
            <param index="2">
              <value>
                <![CDATA[Manickam]]>
              </value>
            </param>
          </params>
          <reporter-output>
          </reporter-output>
        </test-method> <!-- createLead -->
        <test-method status="PASS" signature="postCondition()[pri:0, instance:week5.day2.DataProviderBasic@5d11346a]" name="postCondition" is-config="true" duration-ms="89" started-at="2024-08-17T18:29:38 IST" finished-at="2024-08-17T18:29:38 IST">
          <reporter-output>
          </reporter-output>
        </test-method> <!-- postCondition -->
      </class> <!-- week5.day2.DataProviderBasic -->
      <class name="testcase.CreateLead">
        <test-method status="PASS" signature="preCondition()[pri:0, instance:testcase.CreateLead@4fcd19b3]" name="preCondition" is-config="true" duration-ms="35822" started-at="2024-08-17T18:28:12 IST" finished-at="2024-08-17T18:28:48 IST">
          <reporter-output>
          </reporter-output>
        </test-method> <!-- preCondition -->
        <test-method status="PASS" signature="runCreateLead()[pri:0, instance:testcase.CreateLead@4fcd19b3]" name="runCreateLead" duration-ms="29744" started-at="2024-08-17T18:28:48 IST" finished-at="2024-08-17T18:29:18 IST">
          <reporter-output>
          </reporter-output>
        </test-method> <!-- runCreateLead -->
        <test-method status="PASS" signature="postCondition()[pri:0, instance:testcase.CreateLead@4fcd19b3]" name="postCondition" is-config="true" duration-ms="113" started-at="2024-08-17T18:29:18 IST" finished-at="2024-08-17T18:29:18 IST">
          <reporter-output>
          </reporter-output>
        </test-method> <!-- postCondition -->
      </class> <!-- testcase.CreateLead -->
    </test> <!-- Test -->
  </suite> <!-- Suite (2) -->
</testng-results>
