<?xml version="1.0" encoding="UTF-8"?>
<!-- Generated by org.testng.reporters.JUnitXMLReporter -->
<testsuite hostname="DESKTOP-JQJ5R9C" ignored="2" name="Test" tests="2" failures="0" timestamp="2024-06-06T23:51:46 IST" time="0.009" errors="0">
  <testcase name="test1" time="0.0" classname="week6.day1.LearnGroups"/>
  <testcase name="test2" time="0.0" classname="week6.day1.LearnGroups"/>
  <testcase name="test3" time="0.0" classname="week6.day1.LearnGroups">
    <ignored/>
  </testcase> <!-- test3 -->
  <testcase name="test4" time="0.0" classname="week6.day1.LearnGroups">
    <ignored/>
  </testcase> <!-- test4 -->
</testsuite> <!-- Test -->
