<?xml version="1.0" encoding="UTF-8"?>
<!-- Generated by org.testng.reporters.JUnitXMLReporter -->
<testsuite ignored="2" hostname="DESKTOP-JQJ5R9C" failures="0" tests="2" name="Test" time="0.005" errors="0" timestamp="2024-07-18T23:22:03 IST">
  <testcase classname="week6.day1.LearnGroups" name="test1" time="0.0"/>
  <testcase classname="week6.day1.LearnGroups" name="test2" time="0.0"/>
  <testcase classname="week6.day1.LearnGroups" name="test3" time="0.0">
    <ignored/>
  </testcase> <!-- test3 -->
  <testcase classname="week6.day1.LearnGroups" name="test4" time="0.0">
    <ignored/>
  </testcase> <!-- test4 -->
</testsuite> <!-- Test -->
