<?xml version="1.0" encoding="UTF-8"?>
<testng-results ignored="0" total="3" passed="3" failed="0" skipped="0">
  <reporter-output>
  </reporter-output>
  <suite started-at="2024-08-18T00:36:10 IST" name="Suite" finished-at="2024-08-18T00:37:04 IST" duration-ms="53968">
    <groups>
    </groups>
    <test started-at="2024-08-18T00:36:10 IST" name="chrome" finished-at="2024-08-18T00:36:47 IST" duration-ms="37612">
      <class name="week5.day2.CreateLead">
        <test-method is-config="true" signature="preCondition(java.lang.String,java.lang.String,java.lang.String,java.lang.String)[pri:0, instance:week5.day2.CreateLead@4d15107f]" started-at="2024-08-18T00:36:10 IST" name="preCondition" finished-at="2024-08-18T00:36:38 IST" duration-ms="27820" status="PASS">
          <params>
            <param index="0">
              <value>
                <![CDATA[http://leaftaps.com/opentaps/]]>
              </value>
            </param>
            <param index="1">
              <value>
                <![CDATA[DemoCSR]]>
              </value>
            </param>
            <param index="2">
              <value>
                <![CDATA[crmsfa]]>
              </value>
            </param>
            <param index="3">
              <value>
                <![CDATA[chrome]]>
              </value>
            </param>
          </params>
          <reporter-output>
          </reporter-output>
        </test-method> <!-- preCondition -->
        <test-method signature="createLead()[pri:0, instance:week5.day2.CreateLead@4d15107f]" started-at="2024-08-18T00:36:38 IST" name="createLead" finished-at="2024-08-18T00:36:46 IST" duration-ms="8479" status="PASS">
          <reporter-output>
          </reporter-output>
        </test-method> <!-- createLead -->
        <test-method is-config="true" signature="postCondition()[pri:0, instance:week5.day2.CreateLead@4d15107f]" started-at="2024-08-18T00:36:46 IST" name="postCondition" finished-at="2024-08-18T00:36:47 IST" duration-ms="1272" status="PASS">
          <reporter-output>
          </reporter-output>
        </test-method> <!-- postCondition -->
      </class> <!-- week5.day2.CreateLead -->
    </test> <!-- chrome -->
    <test started-at="2024-08-18T00:36:10 IST" name="edge" finished-at="2024-08-18T00:37:04 IST" duration-ms="53968">
      <class name="week5.day2.EditLead">
        <test-method is-config="true" signature="preCondition(java.lang.String,java.lang.String,java.lang.String,java.lang.String)[pri:0, instance:week5.day2.EditLead@66982506]" started-at="2024-08-18T00:36:48 IST" name="preCondition" finished-at="2024-08-18T00:36:57 IST" duration-ms="8844" status="PASS">
          <params>
            <param index="0">
              <value>
                <![CDATA[http://leaftaps.com/opentaps/]]>
              </value>
            </param>
            <param index="1">
              <value>
                <![CDATA[DemoCSR]]>
              </value>
            </param>
            <param index="2">
              <value>
                <![CDATA[crmsfa]]>
              </value>
            </param>
            <param index="3">
              <value>
                <![CDATA[edge]]>
              </value>
            </param>
          </params>
          <reporter-output>
          </reporter-output>
        </test-method> <!-- preCondition -->
        <test-method signature="editLead()[pri:0, instance:week5.day2.EditLead@66982506]" started-at="2024-08-18T00:36:57 IST" name="editLead" finished-at="2024-08-18T00:37:03 IST" depends-on-methods="week5.day2.CreateLead.createLead" duration-ms="6494" status="PASS">
          <reporter-output>
          </reporter-output>
        </test-method> <!-- editLead -->
        <test-method is-config="true" signature="postCondition()[pri:0, instance:week5.day2.EditLead@66982506]" started-at="2024-08-18T00:37:03 IST" name="postCondition" finished-at="2024-08-18T00:37:04 IST" duration-ms="176" status="PASS">
          <reporter-output>
          </reporter-output>
        </test-method> <!-- postCondition -->
      </class> <!-- week5.day2.EditLead -->
      <class name="week5.day2.CreateLead">
        <test-method is-config="true" signature="preCondition(java.lang.String,java.lang.String,java.lang.String,java.lang.String)[pri:0, instance:week5.day2.CreateLead@7e057f43]" started-at="2024-08-18T00:36:10 IST" name="preCondition" finished-at="2024-08-18T00:36:37 IST" duration-ms="27334" status="PASS">
          <params>
            <param index="0">
              <value>
                <![CDATA[http://leaftaps.com/opentaps/]]>
              </value>
            </param>
            <param index="1">
              <value>
                <![CDATA[DemoCSR]]>
              </value>
            </param>
            <param index="2">
              <value>
                <![CDATA[crmsfa]]>
              </value>
            </param>
            <param index="3">
              <value>
                <![CDATA[edge]]>
              </value>
            </param>
          </params>
          <reporter-output>
          </reporter-output>
        </test-method> <!-- preCondition -->
        <test-method signature="createLead()[pri:0, instance:week5.day2.CreateLead@7e057f43]" started-at="2024-08-18T00:36:37 IST" name="createLead" finished-at="2024-08-18T00:36:48 IST" duration-ms="10898" status="PASS">
          <reporter-output>
          </reporter-output>
        </test-method> <!-- createLead -->
        <test-method is-config="true" signature="postCondition()[pri:0, instance:week5.day2.CreateLead@7e057f43]" started-at="2024-08-18T00:36:48 IST" name="postCondition" finished-at="2024-08-18T00:36:48 IST" duration-ms="175" status="PASS">
          <reporter-output>
          </reporter-output>
        </test-method> <!-- postCondition -->
      </class> <!-- week5.day2.CreateLead -->
    </test> <!-- edge -->
  </suite> <!-- Suite -->
</testng-results>
